{"content": {"suites": {"0": {"status": {"total_pass": 7, "total_skip": 0, "total_xpass": 0, "total_xfail": 0, "total_rerun": 0, "total_fail": 2, "total_error": 0}, "tests": {"0": {"status": "PASS", "message": "", "test_name": "test_google_sso_button_visible[chrome]", "rerun": "0"}, "1": {"status": "PASS", "message": "", "test_name": "test_saml_sso_button_visible[chrome]", "rerun": "0"}, "2": {"status": "PASS", "message": "", "test_name": "test_login_page_title[chrome]", "rerun": "0"}, "3": {"status": "PASS", "message": "", "test_name": "test_login[chrome]", "rerun": "0"}, "4": {"status": "FAIL", "message": "   AssertionError: Either Force Login window not appeared OR after force login work mode not visible\n   assert 'unknown' in 'workmode'\n", "test_name": "test_force_login[chrome]", "rerun": "0"}, "5": {"status": "PASS", "message": "", "test_name": "test_work_mode_select[chrome]", "rerun": "0"}, "6": {"status": "PASS", "message": "", "test_name": "test_voice_campaign_select[chrome]", "rerun": "0"}, "7": {"status": "FAIL", "message": "   AssertionError: Extension select popup not came so webrtc\n   assert False\n", "test_name": "test_extension_select[chrome]", "rerun": "0"}, "8": {"status": "PASS", "message": "", "test_name": "test_logout[chrome]", "rerun": "0"}}, "suite_name": "Tests/test_LoginPage.py"}}}, "date": "November 24, 2023", "start_time": 1700777087.630916, "total_suite": 1, "status": "FAIL", "status_list": {"pass": "7", "fail": "2", "skip": "0", "error": "0", "xpass": "0", "xfail": "0", "rerun": "0"}, "total_tests": "9"}